u:\year2\graphics1\week 5\source code\rasteriser\x64\debug\vc141.pdb
u:\year2\graphics1\week 5\source code\rasteriser\x64\debug\vc141.idb
u:\year2\graphics1\week 5\source code\rasteriser\x64\debug\vertex.obj
u:\year2\graphics1\week 5\source code\rasteriser\x64\debug\rasteriser.obj
u:\year2\graphics1\week 5\source code\rasteriser\x64\debug\polygon3d.obj
u:\year2\graphics1\week 5\source code\rasteriser\x64\debug\model.obj
u:\year2\graphics1\week 5\source code\rasteriser\x64\debug\md2loader.obj
u:\year2\graphics1\week 5\source code\rasteriser\x64\debug\matrix.obj
u:\year2\graphics1\week 5\source code\rasteriser\x64\debug\framework.obj
u:\year2\graphics1\week 5\source code\rasteriser\x64\debug\camera.obj
u:\year2\graphics1\week 5\source code\rasteriser\x64\debug\bitmap.obj
u:\year2\graphics1\week 5\source code\x64\debug\rasteriser.exe
u:\year2\graphics1\week 5\source code\x64\debug\rasteriser.ilk
u:\year2\graphics1\week 5\source code\x64\debug\rasteriser.pdb
u:\year2\graphics1\week 5\source code\rasteriser\x64\debug\rasteriser.res
u:\year2\graphics1\week 5\source code\rasteriser\x64\debug\rasteriser.tlog\cl.command.1.tlog
u:\year2\graphics1\week 5\source code\rasteriser\x64\debug\rasteriser.tlog\cl.read.1.tlog
u:\year2\graphics1\week 5\source code\rasteriser\x64\debug\rasteriser.tlog\cl.write.1.tlog
u:\year2\graphics1\week 5\source code\rasteriser\x64\debug\rasteriser.tlog\link.command.1.tlog
u:\year2\graphics1\week 5\source code\rasteriser\x64\debug\rasteriser.tlog\link.read.1.tlog
u:\year2\graphics1\week 5\source code\rasteriser\x64\debug\rasteriser.tlog\link.write.1.tlog
u:\year2\graphics1\week 5\source code\rasteriser\x64\debug\rasteriser.tlog\rc.command.1.tlog
u:\year2\graphics1\week 5\source code\rasteriser\x64\debug\rasteriser.tlog\rc.read.1.tlog
u:\year2\graphics1\week 5\source code\rasteriser\x64\debug\rasteriser.tlog\rc.write.1.tlog
